2019-11-03 20:45:07,528 [Worker-0: Loading available Gradle versions] INFO  o.e.b.c.i.u.g.PublishedGradleVersions - Gradle version information cache is up-to-date. Trying to read.
2019-11-03 20:47:23,967 [Worker-4: Loading available Gradle versions] INFO  o.e.b.c.i.u.g.PublishedGradleVersions - Gradle version information cache is up-to-date. Trying to read.
2019-11-03 21:07:20,755 [Worker-2: Loading available Gradle versions] INFO  o.e.b.c.i.u.g.PublishedGradleVersions - Gradle version information cache is out-of-date. Trying to update.
2019-11-04 00:19:48,527 [Worker-4: Loading available Gradle versions] INFO  o.e.b.c.i.u.g.PublishedGradleVersions - Gradle version information cache is up-to-date. Trying to read.
2019-11-04 11:00:09,125 [Worker-2: Loading available Gradle versions] INFO  o.e.b.c.i.u.g.PublishedGradleVersions - Gradle version information cache is up-to-date. Trying to read.
2019-11-04 11:01:45,527 [Worker-10: Updating Maven Dependencies] INFO  o.e.m.c.i.l.LifecycleMappingFactory - Using org.maven.ide.eclipse.wtp.WarLifecycleMapping lifecycle mapping for MavenProject: com.alighthub:DoctorsManagmentSystem:0.0.1-SNAPSHOT @ C:\Users\GORAKSHA\Desktop\DoctorsManagmentSystem\pom.xml.
2019-11-04 11:01:47,086 [Worker-10: Updating Maven Dependencies] WARN  o.e.m.c.i.embedder.EclipseLogger - The artifact com.lowagie:itext:jar:4.2.2 has been relocated to com.itextpdf:itextpdf:jar:5.5.6
2019-11-04 11:01:55,370 [Worker-10: Updating Maven Dependencies] WARN  o.e.m.c.i.embedder.EclipseLogger - The artifact com.lowagie:itext:jar:4.2.2 has been relocated to com.itextpdf:itextpdf:jar:5.5.6
2019-11-04 11:02:00,788 [Worker-10: Check for devtools] WARN  o.e.m.c.i.embedder.EclipseLogger - The artifact com.lowagie:itext:jar:4.2.2 has been relocated to com.itextpdf:itextpdf:jar:5.5.6
2019-11-04 11:02:02,122 [Worker-1: Building workspace] INFO  o.e.m.c.i.embedder.EclipseLogger - Using 'UTF-8' encoding to copy filtered resources.
2019-11-04 11:02:02,131 [Worker-1: Building workspace] INFO  o.e.m.c.i.embedder.EclipseLogger - Copying 1 resource
2019-11-04 11:02:02,159 [Worker-1: Building workspace] INFO  o.e.m.c.i.embedder.EclipseLogger - Copying 0 resource
2019-11-04 11:02:02,164 [Worker-1: Building workspace] INFO  o.e.m.c.i.embedder.EclipseLogger - Using 'UTF-8' encoding to copy filtered resources.
2019-11-04 11:02:02,164 [Worker-1: Building workspace] INFO  o.e.m.c.i.embedder.EclipseLogger - skip non existing resourceDirectory C:\Users\GORAKSHA\Desktop\DoctorsManagmentSystem\src\test\resources
2019-11-04 11:02:12,923 [Worker-7: Updating Maven Project] INFO  o.e.m.c.i.p.ProjectConfigurationManager - Update started
2019-11-04 11:02:14,064 [Worker-7: Updating Maven Project] INFO  o.e.m.c.i.l.LifecycleMappingFactory - Using org.maven.ide.eclipse.wtp.WarLifecycleMapping lifecycle mapping for MavenProject: com.alighthub:DoctorsManagmentSystem:0.0.1-SNAPSHOT @ C:\Users\GORAKSHA\Desktop\DoctorsManagmentSystem\pom.xml.
2019-11-04 11:02:14,698 [Worker-7: Updating Maven Project] WARN  o.e.m.c.i.embedder.EclipseLogger - The artifact com.lowagie:itext:jar:4.2.2 has been relocated to com.itextpdf:itextpdf:jar:5.5.6
2019-11-04 11:02:15,720 [Worker-7: Updating Maven Project] WARN  o.e.m.c.i.embedder.EclipseLogger - The artifact com.lowagie:itext:jar:4.2.2 has been relocated to com.itextpdf:itextpdf:jar:5.5.6
2019-11-04 11:02:16,636 [Worker-7: Updating Maven Project] INFO  o.e.m.j.i.AbstractJavaProjectConfigurator - Adding source folder /DoctorsManagmentSystem/src/main/java
2019-11-04 11:02:16,637 [Worker-7: Updating Maven Project] INFO  o.e.m.j.i.AbstractJavaProjectConfigurator - Adding resource folder /DoctorsManagmentSystem/src/main/resources
2019-11-04 11:02:16,638 [Worker-7: Updating Maven Project] INFO  o.e.m.j.i.AbstractJavaProjectConfigurator - Adding resource folder /DoctorsManagmentSystem/src/main/resources
2019-11-04 11:02:16,639 [Worker-7: Updating Maven Project] INFO  o.e.m.j.i.AbstractJavaProjectConfigurator - Adding source folder /DoctorsManagmentSystem/src/test/java
2019-11-04 11:02:18,485 [Worker-7: Updating Maven Project] INFO  o.e.m.w.i.f.ResourceFilteringBuildParticipant - Cleaning filtered folder for DoctorsManagmentSystem
2019-11-04 11:02:18,498 [Worker-7: Updating Maven Project] INFO  o.e.m.c.i.p.ProjectConfigurationManager - Update completed: 5 sec
2019-11-04 11:02:20,269 [Worker-6: Building workspace] WARN  o.e.m.c.i.embedder.EclipseLogger - The artifact com.lowagie:itext:jar:4.2.2 has been relocated to com.itextpdf:itextpdf:jar:5.5.6
2019-11-04 11:02:20,371 [Worker-6: Building workspace] INFO  o.e.m.c.i.embedder.EclipseLogger - Using 'UTF-8' encoding to copy filtered resources.
2019-11-04 11:02:20,372 [Worker-6: Building workspace] INFO  o.e.m.c.i.embedder.EclipseLogger - Copying 1 resource
2019-11-04 11:02:20,397 [Worker-6: Building workspace] INFO  o.e.m.c.i.embedder.EclipseLogger - Copying 0 resource
2019-11-04 11:02:20,401 [Worker-6: Building workspace] INFO  o.e.m.c.i.embedder.EclipseLogger - Using 'UTF-8' encoding to copy filtered resources.
2019-11-04 11:02:20,401 [Worker-6: Building workspace] INFO  o.e.m.c.i.embedder.EclipseLogger - skip non existing resourceDirectory C:\Users\GORAKSHA\Desktop\DoctorsManagmentSystem\src\test\resources
2019-11-04 11:02:20,402 [Worker-6: Building workspace] INFO  o.e.m.w.i.f.ResourceFilteringBuildParticipant - Changed resources require a complete clean of filtered resources of DoctorsManagmentSystem
2019-11-04 11:02:20,403 [Worker-6: Building workspace] INFO  o.e.m.w.i.f.ResourceFilteringBuildParticipant - Executing resource filtering for DoctorsManagmentSystem
2019-11-04 11:02:20,412 [Worker-6: Building workspace] INFO  o.e.m.c.i.embedder.EclipseLogger - Using 'UTF-8' encoding to copy filtered resources.
2019-11-04 11:02:56,228 [Worker-11: Launching Executing clean in C__Users_GORAKSHA_Desktop_DoctorsManagmentSystem] INFO  o.e.m.i.launch.MavenLaunchDelegate - C:\Users\GORAKSHA\Desktop\DoctorsManagmentSystem
2019-11-04 11:02:56,232 [Worker-11: Launching Executing clean in C__Users_GORAKSHA_Desktop_DoctorsManagmentSystem] INFO  o.e.m.i.launch.MavenLaunchDelegate -  mvn -B clean -Dstyle.color=always
2019-11-04 11:03:00,105 [Worker-0: Building workspace] INFO  o.e.m.c.i.embedder.EclipseLogger - Using 'UTF-8' encoding to copy filtered resources.
2019-11-04 11:03:00,110 [Worker-0: Building workspace] INFO  o.e.m.c.i.embedder.EclipseLogger - Copying 1 resource
2019-11-04 11:03:00,114 [Worker-0: Building workspace] INFO  o.e.m.c.i.embedder.EclipseLogger - Copying 0 resource
2019-11-04 11:03:00,117 [Worker-0: Building workspace] INFO  o.e.m.c.i.embedder.EclipseLogger - Using 'UTF-8' encoding to copy filtered resources.
2019-11-04 11:03:00,118 [Worker-0: Building workspace] INFO  o.e.m.c.i.embedder.EclipseLogger - skip non existing resourceDirectory C:\Users\GORAKSHA\Desktop\DoctorsManagmentSystem\src\test\resources
2019-11-04 11:03:00,119 [Worker-0: Building workspace] INFO  o.e.m.w.i.f.ResourceFilteringBuildParticipant - Changed resources require a complete clean of filtered resources of DoctorsManagmentSystem
2019-11-04 11:03:00,119 [Worker-0: Building workspace] INFO  o.e.m.w.i.f.ResourceFilteringBuildParticipant - Executing resource filtering for DoctorsManagmentSystem
2019-11-04 11:03:00,126 [Worker-0: Building workspace] INFO  o.e.m.c.i.embedder.EclipseLogger - Using 'UTF-8' encoding to copy filtered resources.
2019-11-04 11:03:09,472 [Worker-3: Launching Executing install in C__Users_GORAKSHA_Desktop_DoctorsManagmentSystem] INFO  o.e.m.i.launch.MavenLaunchDelegate - C:\Users\GORAKSHA\Desktop\DoctorsManagmentSystem
2019-11-04 11:03:09,473 [Worker-3: Launching Executing install in C__Users_GORAKSHA_Desktop_DoctorsManagmentSystem] INFO  o.e.m.i.launch.MavenLaunchDelegate -  mvn -B install -Dstyle.color=always
2019-11-04 11:03:14,884 [Worker-8: Building workspace] INFO  o.e.m.c.i.embedder.EclipseLogger - Using 'UTF-8' encoding to copy filtered resources.
2019-11-04 11:03:14,886 [Worker-8: Building workspace] INFO  o.e.m.c.i.embedder.EclipseLogger - Copying 1 resource
2019-11-04 11:03:14,890 [Worker-8: Building workspace] INFO  o.e.m.c.i.embedder.EclipseLogger - Copying 0 resource
2019-11-04 11:03:14,892 [Worker-8: Building workspace] INFO  o.e.m.c.i.embedder.EclipseLogger - Using 'UTF-8' encoding to copy filtered resources.
2019-11-04 11:03:14,893 [Worker-8: Building workspace] INFO  o.e.m.c.i.embedder.EclipseLogger - skip non existing resourceDirectory C:\Users\GORAKSHA\Desktop\DoctorsManagmentSystem\src\test\resources
